0 info it worked if it ends with ok
1 verbose cli [ 'node', '/usr/local/bin/npm', 'install', '-g', 'nodemon' ]
2 info using npm@2.1.9
3 info using node@v0.10.28
4 silly cache add args [ 'nodemon', null ]
5 verbose cache add spec nodemon
6 silly cache add parsed spec { raw: 'nodemon',
6 silly cache add   scope: null,
6 silly cache add   name: 'nodemon',
6 silly cache add   rawSpec: '',
6 silly cache add   spec: '*',
6 silly cache add   type: 'range' }
7 verbose addNamed nodemon@*
8 silly addNamed semver.valid null
9 silly addNamed semver.validRange *
10 silly addNameRange { name: 'nodemon', range: '*', hasData: false }
11 silly mapToRegistry name nodemon
12 silly mapToRegistry using default registry
13 silly mapToRegistry registry https://registry.npmjs.org/
14 silly mapToRegistry uri https://registry.npmjs.org/nodemon
15 verbose addNameRange registry:https://registry.npmjs.org/nodemon not in flight; fetching
16 verbose request uri https://registry.npmjs.org/nodemon
17 verbose request no auth needed
18 info attempt registry request try #1 at 19:59:42
19 verbose request id 59118a95fa4a2369
20 verbose etag "3ZOUDSW2SR6E7L3KX3ZKRFBX"
21 http request GET https://registry.npmjs.org/nodemon
22 http 200 https://registry.npmjs.org/nodemon
23 silly get cb [ 200,
23 silly get   { date: 'Thu, 04 Dec 2014 03:59:42 GMT',
23 silly get     server: 'CouchDB/1.5.0 (Erlang OTP/R16B03)',
23 silly get     etag: '"CIIQA9XPEJSRX4RLDTKWEUH4V"',
23 silly get     'content-type': 'application/json',
23 silly get     'cache-control': 'max-age=60',
23 silly get     'content-length': '122728',
23 silly get     'accept-ranges': 'bytes',
23 silly get     via: '1.1 varnish',
23 silly get     age: '59',
23 silly get     'x-served-by': 'cache-lax1430-LAX',
23 silly get     'x-cache': 'HIT',
23 silly get     'x-cache-hits': '1',
23 silly get     'x-timer': 'S1417665582.964244,VS0,VE0',
23 silly get     vary: 'Accept',
23 silly get     'keep-alive': 'timeout=10, max=50',
23 silly get     connection: 'Keep-Alive' } ]
24 silly addNameRange number 2 { name: 'nodemon', range: '*', hasData: true }
25 silly addNameRange versions [ 'nodemon',
25 silly addNameRange   [ '0.1.4',
25 silly addNameRange     '0.1.5',
25 silly addNameRange     '0.1.6',
25 silly addNameRange     '0.1.7',
25 silly addNameRange     '0.1.8',
25 silly addNameRange     '0.2.0',
25 silly addNameRange     '0.2.1',
25 silly addNameRange     '0.2.2',
25 silly addNameRange     '0.3.0',
25 silly addNameRange     '0.3.1',
25 silly addNameRange     '0.3.2',
25 silly addNameRange     '0.4.0',
25 silly addNameRange     '0.4.1',
25 silly addNameRange     '0.5.0',
25 silly addNameRange     '0.5.1',
25 silly addNameRange     '0.5.2',
25 silly addNameRange     '0.5.3',
25 silly addNameRange     '0.5.4',
25 silly addNameRange     '0.5.5',
25 silly addNameRange     '0.5.6',
25 silly addNameRange     '0.5.7',
25 silly addNameRange     '0.6.0',
25 silly addNameRange     '0.6.1',
25 silly addNameRange     '0.6.2',
25 silly addNameRange     '0.6.3',
25 silly addNameRange     '0.6.4',
25 silly addNameRange     '0.6.5',
25 silly addNameRange     '0.6.6',
25 silly addNameRange     '0.6.7',
25 silly addNameRange     '0.6.8',
25 silly addNameRange     '0.6.9',
25 silly addNameRange     '0.6.10',
25 silly addNameRange     '0.6.11',
25 silly addNameRange     '0.6.12',
25 silly addNameRange     '0.6.13',
25 silly addNameRange     '0.6.14',
25 silly addNameRange     '0.6.15',
25 silly addNameRange     '0.6.16',
25 silly addNameRange     '0.6.17',
25 silly addNameRange     '0.6.18',
25 silly addNameRange     '0.6.19',
25 silly addNameRange     '0.6.20',
25 silly addNameRange     '0.6.21',
25 silly addNameRange     '0.6.22',
25 silly addNameRange     '0.6.23',
25 silly addNameRange     '0.7.0',
25 silly addNameRange     '0.7.1',
25 silly addNameRange     '0.7.2',
25 silly addNameRange     '0.7.3',
25 silly addNameRange     '0.7.4',
25 silly addNameRange     '0.7.5',
25 silly addNameRange     '0.7.6',
25 silly addNameRange     '0.7.7',
25 silly addNameRange     '0.7.8',
25 silly addNameRange     '0.7.10',
25 silly addNameRange     '0.9.0',
25 silly addNameRange     '0.9.1',
25 silly addNameRange     '0.9.2',
25 silly addNameRange     '0.9.3',
25 silly addNameRange     '0.9.5',
25 silly addNameRange     '0.9.6',
25 silly addNameRange     '0.9.7',
25 silly addNameRange     '0.9.10',
25 silly addNameRange     '0.9.11',
25 silly addNameRange     '0.9.12',
25 silly addNameRange     '0.9.14',
25 silly addNameRange     '0.9.16',
25 silly addNameRange     '0.9.17',
25 silly addNameRange     '1.0.0',
25 silly addNameRange     '1.0.1',
25 silly addNameRange     '1.0.2',
25 silly addNameRange     '1.0.2-rc',
25 silly addNameRange     '0.6.10-a',
25 silly addNameRange     '1.0.2-rc3',
25 silly addNameRange     '1.0.2-rc4',
25 silly addNameRange     '1.0.3',
25 silly addNameRange     '1.0.4',
25 silly addNameRange     '1.0.5',
25 silly addNameRange     '1.0.6',
25 silly addNameRange     '1.0.7',
25 silly addNameRange     '1.0.8',
25 silly addNameRange     '1.0.9',
25 silly addNameRange     '1.0.10',
25 silly addNameRange     '1.0.11',
25 silly addNameRange     '1.0.12',
25 silly addNameRange     '1.0.13',
25 silly addNameRange     '1.0.14',
25 silly addNameRange     '1.0.15',
25 silly addNameRange     '1.0.16',
25 silly addNameRange     '1.0.17-rc1',
25 silly addNameRange     '1.0.17-rc2',
25 silly addNameRange     '1.0.17',
25 silly addNameRange     '1.0.18',
25 silly addNameRange     '1.0.19',
25 silly addNameRange     '1.0.20',
25 silly addNameRange     '1.1.0-alpha',
25 silly addNameRange     '1.1.0',
25 silly addNameRange     '1.1.1',
25 silly addNameRange     '1.2.0',
25 silly addNameRange     '1.2.1' ] ]
26 verbose addNamed nodemon@1.2.1
27 silly addNamed semver.valid 1.2.1
28 silly addNamed semver.validRange 1.2.1
29 silly cache afterAdd nodemon@1.2.1
30 verbose afterAdd /Users/chaseellsworth/.npm/nodemon/1.2.1/package/package.json not in flight; writing
31 verbose afterAdd /Users/chaseellsworth/.npm/nodemon/1.2.1/package/package.json written
32 silly install resolved [ { name: 'nodemon',
32 silly install resolved     homepage: 'http://nodemon.io',
32 silly install resolved     author: { name: 'Remy Sharp', url: 'http://github.com/remy' },
32 silly install resolved     bin: { nodemon: './bin/nodemon.js' },
32 silly install resolved     engines: { node: '>=0.8' },
32 silly install resolved     repository: { type: 'git', url: 'http://github.com/remy/nodemon.git' },
32 silly install resolved     description: 'Simple monitor script for use during development of a node.js app.',
32 silly install resolved     keywords:
32 silly install resolved      [ 'monitor',
32 silly install resolved        'development',
32 silly install resolved        'restart',
32 silly install resolved        'autoload',
32 silly install resolved        'reload',
32 silly install resolved        'terminal' ],
32 silly install resolved     version: '1.2.1',
32 silly install resolved     preferGlobal: 'true',
32 silly install resolved     licenses: [ [Object] ],
32 silly install resolved     main: './lib/nodemon',
32 silly install resolved     scripts:
32 silly install resolved      { coverage: 'istanbul cover _mocha -- --timeout 30000 --ui bdd --reporter list test/**/*.test.js',
32 silly install resolved        test: 'node_modules/mocha/bin/_mocha --timeout 30000 --ui bdd test/**/*.test.js',
32 silly install resolved        web: 'node web' },
32 silly install resolved     devDependencies:
32 silly install resolved      { connect: '~2.19.1',
32 silly install resolved        mocha: '~1.20.0',
32 silly install resolved        should: '~4.0.0',
32 silly install resolved        istanbul: '~0.2.10',
32 silly install resolved        touch: '~0.0.3',
32 silly install resolved        'coffee-script': '~1.7.1' },
32 silly install resolved     dependencies:
32 silly install resolved      { 'update-notifier': '~0.1.8',
32 silly install resolved        minimatch: '~0.3.0',
32 silly install resolved        'ps-tree': '~0.0.3' },
32 silly install resolved     readme: '![nodemon logo](http://nodemon.io/nodemon.png)\n\n# nodemon\n\n[![Flattr this](http://api.flattr.com/button/flattr-badge-large.png)](http://flattr.com/thing/1211372/remynodemon-on-GitHub)\n\nFor use during development of a node.js based application.\n\nnodemon will watch the files in the directory that nodemon was started, and if they change, it will automatically restart your node application.\n\nnodemon does **not** require *any* changes to your code or method of development. nodemon simply wraps your node application and keeps an eye on any files that have changed. Remember that nodemon is a replacement wrapper for `node`, think of it as replacing the word "node" on the command line when you run your script.\n\n[![NPM version](https://badge.fury.io/js/nodemon.svg)](http://badge.fury.io/js/nodemon)\n[![Travis Status](https://travis-ci.org/remy/nodemon.svg)](https://travis-ci.org/remy/nodemon)\n\n# Installation\n\nEither through forking or by using [npm](http://npmjs.org) (the recommended way):\n\n    npm install -g nodemon\n\nAnd nodemon will be installed in to your bin path. Note that as of npm v1, you must explicitly tell npm to install globally as nodemon is a command line utility.\n\n# Usage\n\nnodemon wraps your application, so you can pass all the arguments you would normally pass to your app:\n\n    nodemon [your node app]\n\nFor CLI options, use the `-h` (or `--help`) argument:\n\n    nodemon -h\n\nUsing nodemon is simple, if my application accepted a host and port as the arguments, I would start it as so:\n\n    nodemon ./server.js localhost 8080\n\nAny output from this script is prefixed with `[nodemon]`, otherwise all output from your application, errors included, will be echoed out as expected.\n\nnodemon also supports running and monitoring [coffee-script](http://jashkenas.github.com/coffee-script/) apps:\n\n    nodemon server.coffee\n\nIf no script is given, nodemon will test for a `package.json` file and if found, will run the file associated with the *main* property ([ref](https://github.com/remy/nodemon/issues/14)).\n\nYou can also pass the debug flag to node through the command line as you would normally:\n\n    nodemon --debug ./server.js 80\n\nIf you have a `package.json` file for your app, you can omit the main script entirely and nodemon will read the `package.json` for the `main` property and use that value as the app.\n\nnodemon will also search for the `scripts.start` property in `package.json` (as of nodemon 1.1.x).\n\nAlso check out the [FAQ](https://github.com/remy/nodemon/blob/master/faq.md) or [issues](https://github.com/remy/nodemon/issues) for nodemon.\n\n## Automatic re-running\n\nnodemon was original written to restart hanging processes such as web servers, but now supports apps that cleanly exit. If your script exits cleanly, nodemon will continue to monitor the directory (or directories) and restart the script if there are any changes.\n\n## Manual restarting\n\nWhilst nodemon is running, if you need to manually restart your application, instead of stopping and restart nodemon, you can simply type `rs` with a carriage return, and nodemon will restart your process.\n\n## Config files\n\nnodemon supports local and global configuration files. These are named `nodemon.json` and can be located in the current working directory or in your home directory.\n\nThe specificity is as follows, so that a command line argument will always override the config file settings:\n\n- command line arguments\n- local config\n- global config\n\nA config file can take any of the command line arguments as JSON key values, for example:\n\n    {\n      "verbose": true,\n      "ignore": ["*.test.js", "fixtures/*"],\n      "execMap": {\n        "rb": "ruby",\n        "pde": "processing --sketch={{pwd}} --run"\n      }\n    }\n\nThe above `nodemon.json` file might be my global config so that I have support for ruby files and processing files, and I can simply run `nodemon demo.pde` and nodemon will automatically know how to run the script even though out of the box support for processing scripts.\n\nA further example of options can be seen in [sample-nodemon.md](https://github.com/remy/nodemon/blob/master/doc/sample-nodemon.md)\n\n*This section needs better documentation, but for now you can also see `nodemon --help config` ([also here](https://github.com/remy/nodemon/blob/master/doc/cli/config.txt))*.\n\n## Using nodemon as a module\n\nPlease see [doc/requireable.md](doc/requireable.md)\n\n## Running non-node scripts\n\nnodemon can also be used to execute and monitor other programs. nodemon will read the file extension of the script being run and monitor that extension instead of .js if there\'s no .nodemonignore:\n\n    nodemon --exec "python -v" ./app.py\n\nNow nodemon will run `app.py` with python in verbose mode (note that if you\'re not passing args to the exec program, you don\'t need the quotes), and look for new or modified files with the `.py` extension.\n\n### Default executables\n\nUsing the `nodemon.json` config file, you can define your own default executables using the `execMap` property. This is particularly useful if you\'re working with a language that isn\'t supported by default by nodemon.\n\nTo add support for nodemon to know about the .pl extension (for Perl), the nodemon.json file would add:\n\n    {\n      "execMap": {\n         "pl": "perl"\n      }\n    }\n\nNow running the following, nodemon will know to use `perl` as the executable:\n\n    nodemon script.pl\n\nIt\'s generally recommended to use the global `nodemon.json` to add your own `execMap` options. However, if there\'s a common default that\'s missing, this can be merged in to the project so that nodemon supports it by default, by changing [default.js](https://github.com/remy/nodemon/blob/master/lib/config/defaults.js) and sending a pull request.\n\n## Monitoring multiple directories\n\nBy default nodemon monitors the current working directory. If you want to take control of that option, use the `--watch` option to add specific paths:\n\n    nodemon --watch app --watch libs app/server.js\n\nNow nodemon will only restart if there are changes in the `./app` or `./libs` directory. By default nodemon will traverse sub-directories, so there\'s no need in explicitly including sub-directories.\n\n## Specifying extension watch list\n\nBy default, nodemon looks for files with the `.js`, `.coffee`, and `.litcoffee` extensions. If you use the `--exec` option and monitor `app.py` nodemon will monitor files with the extension of `.py`. However, you can specify your own list with the `-e` (or `--ext`) switch like so:\n\n    nodemon -e js,jade\n\nNow nodemon will restart on any changes to files in the directory (or subdirectories) with the extensions .js, .jade.\n\n## Ignoring files\n\nBy default, nodemon will only restart when a `.js` JavaScript file changes. In some cases you will want to ignore some specific files, directories or file patterns, to prevent nodemon from prematurely restarting your application.\n\nThis can be done via the command line:\n\n    nodemon --ignore lib/ --ignore tests/\n\nOr specific files can be ignored:\n\n    nodemon --ignore lib/app.js\n\nPatterns can also be ignored (but be sure to quote the arguments):\n\n    nodemon --ignore \'lib/*.js\'\n\nNote that by default, nodemon will ignore the `.git`, `node_modules`, `bower_components` and `.sass-cache` directories.\n\n## Delaying restarting\n\nIn some situations, you may want to wait until a number of files have changed. The timeout before checking for new file changes is 1 second. If you\'re uploading a number of files and it\'s taking some number of seconds, this could cause your app to restart multiple times unnecessarily.\n\nTo add an extra throttle, or delay restarting, use the `--delay` command:\n\n    nodemon --delay 10 server.js\n\nFor more precision, milliseconds can be specified.  Either as a float:\n\n    nodemon --delay 2.5 server.js\n\nOr using the time specifier (ms):\n\n    nodemon --delay 2500ms server.js\n\nThe delay figure is number of seconds (or milliseconds, if specified) to delay before restarting. So nodemon will only restart your app the given number of seconds after the *last* file change.\n\n## Controlling shutdown of your script\n\nnodemon sends a kill signal to your application when it sees a file update. If you need to clean up on shutdown inside your script you can capture the kill signal and handle it yourself.\n\nThe following example will listen once for the `SIGUSR2` signal (used by nodemon to restart), run the clean up process and then kill itself for nodemon to continue control:\n\n    process.once(\'SIGUSR2\', function () {\n      gracefulShutdown(function () {\n        process.kill(process.pid, \'SIGUSR2\');\n      });\n    });\n\nNote that the `process.kill` is *only* called once your shutdown jobs are complete. Hat tip to [Benjie Gillam](http://www.benjiegillam.com/2011/08/node-js-clean-restart-and-faster-development-with-nodemon/) for writing this technique up.\n\n## Pipe output to somewhere else\n\n```js\nnodemon({\n  script: ...,\n  stdout: false // important: this tells nodemon not to output to console\n}).on(\'readable\', function() { // the `readable` event indicates that data is ready to pick up\n  this.stdout.pipe(fs.createWriteStream(\'output.txt\'));\n  this.stderr.pipe(fs.createWriteStream(\'err.txt\'));\n});\n```\n\n## Using nodemon in your gulp workflow\n\nCheck out the [gulp-nodemon](https://github.com/JacksonGariety/gulp-nodemon) plugin to integrate nodemon with the rest of your project\'s gulp workflow.\n\n## Using nodemon in your Grunt workflow\n\nCheck out the [grunt-nodemon](https://github.com/ChrisWren/grunt-nodemon) plugin to integrate nodemon with the rest of your project\'s grunt workflow.\n\n# License\n\nMIT [http://rem.mit-license.org](http://rem.mit-license.org)\n\n# Contributors\n\n* [remy](https://github.com/remy)\n* [ChrisWren](https://github.com/ChrisWren)\n* [dylanmcd](https://github.com/dylanmcd)\n* [fearphage](https://github.com/fearphage)\n* [pasindud](https://github.com/pasindud)\n* [coen-hyde](https://github.com/coen-hyde)\n* [shawncplus](https://github.com/shawncplus)\n* [albertnetymk](https://github.com/albertnetymk)\n* [theredcoder](https://github.com/theredcoder)\n* [aivopaas](https://github.com/aivopaas)\n* [haircuttedfreak](https://github.com/haircuttedfreak)\n* [jdavis](https://github.com/jdavis)\n* [binarykitchen](https://github.com/binarykitchen)\n* [kuba-kubula](https://github.com/kuba-kubula)\n* [vadimi](https://github.com/vadimi)\n* [mentatxx](https://github.com/mentatxx)\n* [bryankaplan](https://github.com/bryankaplan)\n* [lordnox](https://github.com/lordnox)\n* [jaredhanson](https://github.com/jaredhanson)\n* [skaushik92](https://github.com/skaushik92)\n* [twolfson](https://github.com/twolfson)\n* [chrisklaiber](https://github.com/chrisklaiber)\n* [wasche](https://github.com/wasche)\n* [nuxlli](https://github.com/nuxlli)\n* [mvasilkov](https://github.com/mvasilkov)\n* [morganrallen](https://github.com/morganrallen)\n* [DennisKehrig](https://github.com/DennisKehrig)\n* [sahat](https://github.com/sahat)\n* [didoarellano](https://github.com/didoarellano)\n* [arielyang](https://github.com/arielyang)\n* [ZombieHippie](https://github.com/ZombieHippie)\n* [mikemaccana](https://github.com/mikemaccana)\n* [paularmstrong](https://github.com/paularmstrong)\n* [sainaen](https://github.com/sainaen)\n* [matthew-andrews](https://github.com/matthew-andrews)\n* [SlexAxton](https://github.com/SlexAxton)\n* [davedoesdev](https://github.com/davedoesdev)\n* [rps](https://github.com/rps)\n* [pauloadaoag](https://github.com/pauloadaoag)\n* [focusaurus](https://github.com/focusaurus)\n',
32 silly install resolved     readmeFilename: 'README.md',
32 silly install resolved     bugs: { url: 'https://github.com/remy/nodemon/issues' },
32 silly install resolved     _id: 'nodemon@1.2.1',
32 silly install resolved     _shasum: '02a288045652e92350e7d752a8054472ed2c4824',
32 silly install resolved     _from: 'nodemon@*',
32 silly install resolved     _resolved: 'https://registry.npmjs.org/nodemon/-/nodemon-1.2.1.tgz' } ]
33 info install nodemon@1.2.1 into /usr/local/lib
34 info installOne nodemon@1.2.1
35 verbose installOne of nodemon to /usr/local/lib not in flight; installing
36 verbose lock using /Users/chaseellsworth/.npm/_locks/nodemon-49f7ed19e778991e.lock for /usr/local/lib/node_modules/nodemon
37 silly install write writing nodemon 1.2.1 to /usr/local/lib/node_modules/nodemon
38 silly cache addNamed cb nodemon@1.2.1
39 verbose unbuild lib/node_modules/nodemon
40 info preuninstall nodemon@1.2.1
41 info uninstall nodemon@1.2.1
42 verbose unbuild rmStuff nodemon@1.2.1 from /usr/local/lib/node_modules
43 verbose gentlyRm verifying that /usr/local is managed by npm
44 silly cacheAndTest /usr/local is not inside /usr/local/lib/node_modules
45 silly isManaged /usr/local is not inside /usr/local/lib/node_modules
46 silly cacheAndTest /usr/local is not inside /usr/local/bin
47 silly cacheAndTest /usr/local is inside /usr/local
48 silly gentlyRm /usr/local is managed by npm
49 silly gentlyRm /usr/local/bin/nodemon is under /usr/local
50 verbose gentlyRm vacuuming /usr/local/bin/nodemon up to /usr/local
51 silly gentlyRm removing /usr/local/bin/nodemon
52 verbose unlock done using /Users/chaseellsworth/.npm/_locks/nodemon-49f7ed19e778991e.lock for /usr/local/lib/node_modules/nodemon
53 verbose stack Error: EACCES, unlink '/usr/local/bin/nodemon'
54 verbose cwd /Users/chaseellsworth/HackReactor/2014-10-solo
55 error Darwin 13.3.0
56 error argv "node" "/usr/local/bin/npm" "install" "-g" "nodemon"
57 error node v0.10.28
58 error npm  v2.1.9
59 error path /usr/local/bin/nodemon
60 error code EACCES
61 error errno 3
62 error Error: EACCES, unlink '/usr/local/bin/nodemon'
62 error  { [Error: EACCES, unlink '/usr/local/bin/nodemon'] errno: 3, code: 'EACCES', path: '/usr/local/bin/nodemon' }
63 error Please try running this command again as root/Administrator.
64 verbose exit [ 3, true ]
65 verbose unbuild lib/node_modules/nodemon
66 info preuninstall nodemon@1.2.1
67 info uninstall nodemon@1.2.1
68 verbose unbuild rmStuff nodemon@1.2.1 from /usr/local/lib/node_modules
69 verbose gentlyRm verifying that /usr/local is managed by npm
70 silly isManaged /usr/local is not inside /usr/local/lib/node_modules
71 silly isManaged /usr/local is not inside /usr/local/lib/node_modules
72 silly isManaged /usr/local is not inside /usr/local/bin
73 silly isManaged /usr/local is inside /usr/local
74 silly gentlyRm /usr/local is managed by npm
75 silly gentlyRm /usr/local/bin/nodemon is under /usr/local
76 verbose gentlyRm vacuuming /usr/local/bin/nodemon up to /usr/local
77 silly gentlyRm removing /usr/local/bin/nodemon
78 error error rolling back Error: EACCES, unlink '/usr/local/bin/nodemon'
78 error error rolling back  { [Error: EACCES, unlink '/usr/local/bin/nodemon'] errno: 3, code: 'EACCES', path: '/usr/local/bin/nodemon' }
